2021-08-26 10:19:02.708  INFO 15464 --- [main] c.s.s.santoadji.SantoadjiApplication     : Starting SantoadjiApplication using Java 11.0.9 on DESKTOP-V7T0TSA with PID 15464 (H:\Java\Springboot-fundamental\santoadji\target\classes started by 21129798 in H:\Java\Springboot-fundamental\santoadji)
2021-08-26 10:19:02.721  INFO 15464 --- [main] c.s.s.santoadji.SantoadjiApplication     : No active profile set, falling back to default profiles: default
2021-08-26 10:19:03.837  INFO 15464 --- [main] .s.d.r.c.RepositoryConfigurationDelegate : Bootstrapping Spring Data JPA repositories in DEFAULT mode.
2021-08-26 10:19:03.994  INFO 15464 --- [main] .s.d.r.c.RepositoryConfigurationDelegate : Finished Spring Data repository scanning in 142 ms. Found 1 JPA repository interfaces.
2021-08-26 10:19:04.617  INFO 15464 --- [main] o.s.b.w.embedded.tomcat.TomcatWebServer  : Tomcat initialized with port(s): 8080 (http)
2021-08-26 10:19:04.631  INFO 15464 --- [main] o.apache.catalina.core.StandardService   : Starting service [Tomcat]
2021-08-26 10:19:04.634  INFO 15464 --- [main] org.apache.catalina.core.StandardEngine  : Starting Servlet engine: [Apache Tomcat/9.0.50]
2021-08-26 10:19:04.786  INFO 15464 --- [main] o.a.c.c.C.[Tomcat].[localhost].[/API]    : Initializing Spring embedded WebApplicationContext
2021-08-26 10:19:04.787  INFO 15464 --- [main] w.s.c.ServletWebServerApplicationContext : Root WebApplicationContext: initialization completed in 1999 ms
2021-08-26 10:19:05.063  INFO 15464 --- [main] com.zaxxer.hikari.HikariDataSource       : HikariPool-1 - Starting...
2021-08-26 10:19:06.342  INFO 15464 --- [main] com.zaxxer.hikari.HikariDataSource       : HikariPool-1 - Start completed.
2021-08-26 10:19:06.394  INFO 15464 --- [main] o.hibernate.jpa.internal.util.LogHelper  : HHH000204: Processing PersistenceUnitInfo [name: default]
2021-08-26 10:19:06.497  INFO 15464 --- [main] org.hibernate.Version                    : HHH000412: Hibernate ORM core version 5.4.32.Final
2021-08-26 10:19:06.772  INFO 15464 --- [main] o.hibernate.annotations.common.Version   : HCANN000001: Hibernate Commons Annotations {5.1.2.Final}
2021-08-26 10:19:06.995  INFO 15464 --- [main] org.hibernate.dialect.Dialect            : HHH000400: Using dialect: org.hibernate.dialect.MySQL57Dialect
2021-08-26 10:19:07.937  INFO 15464 --- [main] o.h.e.t.j.p.i.JtaPlatformInitiator       : HHH000490: Using JtaPlatform implementation: [org.hibernate.engine.transaction.jta.platform.internal.NoJtaPlatform]
2021-08-26 10:19:07.951  INFO 15464 --- [main] j.LocalContainerEntityManagerFactoryBean : Initialized JPA EntityManagerFactory for persistence unit 'default'
2021-08-26 10:19:08.541  WARN 15464 --- [main] JpaBaseConfiguration$JpaWebConfiguration : spring.jpa.open-in-view is enabled by default. Therefore, database queries may be performed during view rendering. Explicitly configure spring.jpa.open-in-view to disable this warning
2021-08-26 10:19:08.745  INFO 15464 --- [main] o.s.b.a.e.web.EndpointLinksResolver      : Exposing 14 endpoint(s) beneath base path '/actuator'
2021-08-26 10:19:08.834  INFO 15464 --- [main] pertySourcedRequestMappingHandlerMapping : Mapped URL path [/v2/api-docs] onto method [springfox.documentation.swagger2.web.Swagger2Controller#getDocumentation(String, HttpServletRequest)]
2021-08-26 10:19:09.208  INFO 15464 --- [main] o.s.b.w.embedded.tomcat.TomcatWebServer  : Tomcat started on port(s): 8080 (http) with context path '/API'
2021-08-26 10:19:09.209  INFO 15464 --- [main] d.s.w.p.DocumentationPluginsBootstrapper : Context refreshed
2021-08-26 10:19:09.237  INFO 15464 --- [main] d.s.w.p.DocumentationPluginsBootstrapper : Found 1 custom documentation plugin(s)
2021-08-26 10:19:09.284  INFO 15464 --- [main] s.d.s.w.s.ApiListingReferenceScanner     : Scanning for api listing references
2021-08-26 10:19:09.372  INFO 15464 --- [main] .d.s.w.r.o.CachingOperationNameGenerator : Generating unique operation named: getProductUsingGET_1
2021-08-26 10:19:09.412  INFO 15464 --- [main] c.s.s.santoadji.SantoadjiApplication     : Started SantoadjiApplication in 7.251 seconds (JVM running for 9.222)
2021-08-26 10:19:10.679  INFO 15464 --- [RMI TCP Connection(1)-169.254.172.180] o.a.c.c.C.[Tomcat].[localhost].[/API]    : Initializing Spring DispatcherServlet 'dispatcherServlet'
2021-08-26 10:19:10.681  INFO 15464 --- [RMI TCP Connection(1)-169.254.172.180] o.s.web.servlet.DispatcherServlet        : Initializing Servlet 'dispatcherServlet'
2021-08-26 10:19:10.683  INFO 15464 --- [RMI TCP Connection(1)-169.254.172.180] o.s.web.servlet.DispatcherServlet        : Completed initialization in 2 ms
